#
# There is insufficient memory for the Java Runtime Environment to continue.
# Native memory allocation (mmap) failed to map 134217728 bytes for G1 virtual space
# Possible reasons:
#   The system is out of physical RAM or swap space
#   The process is running with CompressedOops enabled, and the Java Heap may be blocking the growth of the native heap
# Possible solutions:
#   Reduce memory load on the system
#   Increase physical memory or swap space
#   Check if swap backing store is full
#   Decrease Java heap size (-Xmx/-Xms)
#   Decrease number of Java threads
#   Decrease Java thread stack sizes (-Xss)
#   Set larger code cache with -XX:ReservedCodeCacheSize=
#   JVM is running with Unscaled Compressed Oops mode in which the Java heap is
#     placed in the first 4GB address space. The Java Heap base address is the
#     maximum limit for the native heap growth. Please use -XX:HeapBaseMinAddress
#     to set the Java Heap base and to place the Java Heap above 4GB virtual address.
# This output file may be truncated or incomplete.
#
#  Out of Memory Error (os_windows.cpp:3469), pid=18408, tid=6872
#
# JRE version:  (17.0.1+12) (build )
# Java VM: OpenJDK 64-Bit Server VM (17.0.1+12-39, mixed mode, sharing, tiered, compressed oops, compressed class ptrs, g1 gc, windows-amd64)
# No core dump will be written. Minidumps are not enabled by default on client versions of Windows
#

---------------  S U M M A R Y ------------

Command Line: -Dnet.bytebuddy.agent.attacher.dump= net.bytebuddy.agent.Attacher com.sun.tools.attach.VirtualMachine 11624 C:\Users\админ\.m2\repository\net\bytebuddy\byte-buddy-agent\1.14.9\byte-buddy-agent-1.14.9.jar false 

Host: Intel(R) Core(TM) i5-2500 CPU @ 3.30GHz, 4 cores, 7G,  Windows 10 , 64 bit Build 19041 (10.0.19041.3570)
Time: Wed Oct 25 16:08:48 2023 RTZ 2 (s 10 , 64 bit Build 19041 (10.0.19041.3570) elapsed time: 0.149567 seconds (0d 0h 0m 0s)

---------------  T H R E A D  ---------------

Current thread (0x0000017a6c7d76e0):  JavaThread "Unknown thread" [_thread_in_vm, id=6872, stack(0x00000034d6900000,0x00000034d6a00000)]

Stack: [0x00000034d6900000,0x00000034d6a00000]
Native frames: (J=compiled Java code, j=interpreted, Vv=VM code, C=native code)
V  [jvm.dll+0x66fa1a]
V  [jvm.dll+0x7ce5a4]
V  [jvm.dll+0x7cfd4e]
V  [jvm.dll+0x7d03b3]
V  [jvm.dll+0x242b05]
V  [jvm.dll+0x66ca39]
V  [jvm.dll+0x661502]
V  [jvm.dll+0x30081b]
V  [jvm.dll+0x307da6]
V  [jvm.dll+0x357a1e]
V  [jvm.dll+0x357c4f]
V  [jvm.dll+0x2d7ad8]
V  [jvm.dll+0x2d8a44]
V  [jvm.dll+0x7a01e1]
V  [jvm.dll+0x365791]
V  [jvm.dll+0x77f6cc]
V  [jvm.dll+0x3e812f]
V  [jvm.dll+0x3e9bd1]
C  [jli.dll+0x527b]
C  [ucrtbase.dll+0x21bb2]
C  [KERNEL32.DLL+0x17344]
C  [ntdll.dll+0x526b1]


---------------  P R O C E S S  ---------------

Threads class SMR info:
_java_thread_list=0x00007ffc403a7818, length=0, elements={
}

Java Threads: ( => current thread )

Other Threads:
  0x0000017a6c815fb0 GCTaskThread "GC Thread#0" [stack: 0x00000034d6a00000,0x00000034d6b00000] [id=18068]
  0x0000017a6c826df0 ConcurrentGCThread "G1 Main Marker" [stack: 0x00000034d6b00000,0x00000034d6c00000] [id=10132]
  0x0000017a6c827800 ConcurrentGCThread "G1 Conc#0" [stack: 0x00000034d6c00000,0x00000034d6d00000] [id=16740]

[error occurred during error reporting (printing all threads), id 0xc0000005, EXCEPTION_ACCESS_VIOLATION (0xc0000005) at pc=0x00007ffc3fbf84b7]

VM state: not at safepoint (not fully initialized)

VM Mutex/Monitor currently owned by a thread:  ([mutex/lock_event])
[0x0000017a6c7d3c60] Heap_lock - owner thread: 0x0000017a6c7d76e0

Heap address: 0x0000000080800000, size: 2040 MB, Compressed Oops mode: 32-bit

CDS archive(s) mapped at: [0x0000000000000000-0x0000000000000000-0x0000000000000000), size 0, SharedBaseAddress: 0x0000000800000000, ArchiveRelocationMode: 0.
Narrow klass base: 0x0000000000000000, Narrow klass shift: 0, Narrow klass range: 0x0

GC Precious Log:
<Empty>

Heap:
 garbage-first heap   total 0K, used 0K [0x0000000080800000, 0x0000000100000000)
  region size 1024K, 0 young (0K), 0 survivors (0K)

[error occurred during error reporting (printing heap information), id 0xc0000005, EXCEPTION_ACCESS_VIOLATION (0xc0000005) at pc=0x00007ffc3ffd8d89]

GC Heap History (0 events):
No events

Deoptimization events (0 events):
No events

Classes unloaded (0 events):
No events

Classes redefined (0 events):
No events

Internal exceptions (0 events):
No events

VM Operations (0 events):
No events

Events (1 events):
Event: 0.008 Loaded shared library E:\Java\jdk-17.0.1\bin\java.dll


Dynamic libraries:
0x00007ff6918e0000 - 0x00007ff6918ee000 	E:\Java\jdk-17.0.1\bin\java.exe
0x00007ffc7b990000 - 0x00007ffc7bb87000 	C:\Windows\SYSTEM32\ntdll.dll
0x00007ffc7b090000 - 0x00007ffc7b14d000 	C:\Windows\System32\KERNEL32.DLL
0x00007ffc79300000 - 0x00007ffc795f6000 	C:\Windows\System32\KERNELBASE.dll
0x00007ffc79600000 - 0x00007ffc79700000 	C:\Windows\System32\ucrtbase.dll
0x00007ffc70040000 - 0x00007ffc70058000 	E:\Java\jdk-17.0.1\bin\jli.dll
0x00007ffc7a970000 - 0x00007ffc7ab0e000 	C:\Windows\System32\USER32.dll
0x00007ffc79260000 - 0x00007ffc79282000 	C:\Windows\System32\win32u.dll
0x00007ffc79df0000 - 0x00007ffc79e1c000 	C:\Windows\System32\GDI32.dll
0x00007ffc79060000 - 0x00007ffc7917a000 	C:\Windows\System32\gdi32full.dll
0x00007ffc79700000 - 0x00007ffc7979d000 	C:\Windows\System32\msvcp_win.dll
0x00007ffc6f010000 - 0x00007ffc6f02a000 	E:\Java\jdk-17.0.1\bin\VCRUNTIME140.dll
0x00007ffc6b850000 - 0x00007ffc6baea000 	C:\Windows\WinSxS\amd64_microsoft.windows.common-controls_6595b64144ccf1df_6.0.19041.3570_none_60bb2a3971f3e41a\COMCTL32.dll
0x00007ffc7a320000 - 0x00007ffc7a3be000 	C:\Windows\System32\msvcrt.dll
0x00007ffc7af80000 - 0x00007ffc7afb0000 	C:\Windows\System32\IMM32.DLL
0x00007ffc74a80000 - 0x00007ffc74a8c000 	E:\Java\jdk-17.0.1\bin\vcruntime140_1.dll
0x00007ffc50dd0000 - 0x00007ffc50e5d000 	E:\Java\jdk-17.0.1\bin\msvcp140.dll
0x00007ffc3f910000 - 0x00007ffc404ce000 	E:\Java\jdk-17.0.1\bin\server\jvm.dll
0x00007ffc7a1f0000 - 0x00007ffc7a29e000 	C:\Windows\System32\ADVAPI32.dll
0x00007ffc7b8a0000 - 0x00007ffc7b93c000 	C:\Windows\System32\sechost.dll
0x00007ffc7a010000 - 0x00007ffc7a136000 	C:\Windows\System32\RPCRT4.dll
0x00007ffc7a310000 - 0x00007ffc7a318000 	C:\Windows\System32\PSAPI.DLL
0x00007ffc71920000 - 0x00007ffc71929000 	C:\Windows\SYSTEM32\WSOCK32.dll
0x00007ffc6bfd0000 - 0x00007ffc6bff7000 	C:\Windows\SYSTEM32\WINMM.dll
0x00007ffc78a20000 - 0x00007ffc78a2a000 	C:\Windows\SYSTEM32\VERSION.dll
0x0000017a6bf40000 - 0x0000017a6bfab000 	C:\Windows\System32\WS2_32.dll
0x00007ffc786a0000 - 0x00007ffc786d5000 	C:\Program Files (x86)\InfoTeCS\ViPNet CSP\itccspks64.dll
0x00007ffc77ca0000 - 0x00007ffc77cb2000 	C:\Windows\SYSTEM32\kernel.appcore.dll
0x00007ffc748b0000 - 0x00007ffc748ba000 	E:\Java\jdk-17.0.1\bin\jimage.dll
0x00007ffc60790000 - 0x00007ffc60974000 	C:\Windows\SYSTEM32\DBGHELP.DLL
0x00007ffc614b0000 - 0x00007ffc614e4000 	C:\Windows\SYSTEM32\dbgcore.DLL
0x00007ffc79900000 - 0x00007ffc79982000 	C:\Windows\System32\bcryptPrimitives.dll
0x00007ffc5e300000 - 0x00007ffc5e325000 	E:\Java\jdk-17.0.1\bin\java.dll

dbghelp: loaded successfully - version: 4.0.5 - missing functions: none
symbol engine: initialized successfully - sym options: 0x614 - pdb path: .;E:\Java\jdk-17.0.1\bin;C:\Windows\SYSTEM32;C:\Windows\WinSxS\amd64_microsoft.windows.common-controls_6595b64144ccf1df_6.0.19041.3570_none_60bb2a3971f3e41a;E:\Java\jdk-17.0.1\bin\server;C:\Program Files (x86)\InfoTeCS\ViPNet CSP

VM Arguments:
jvm_args: -Dnet.bytebuddy.agent.attacher.dump= 
java_command: net.bytebuddy.agent.Attacher com.sun.tools.attach.VirtualMachine 11624 C:\Users\админ\.m2\repository\net\bytebuddy\byte-buddy-agent\1.14.9\byte-buddy-agent-1.14.9.jar false 
java_class_path (initial): C:\Users\админ\.m2\repository\net\bytebuddy\byte-buddy-agent\1.14.9\byte-buddy-agent-1.14.9.jar
Launcher Type: SUN_STANDARD

[Global flags]
     intx CICompilerCount                          = 3                                         {product} {ergonomic}
     uint ConcGCThreads                            = 1                                         {product} {ergonomic}
     uint G1ConcRefinementThreads                  = 4                                         {product} {ergonomic}
   size_t G1HeapRegionSize                         = 1048576                                   {product} {ergonomic}
    uintx GCDrainStackTargetSize                   = 64                                        {product} {ergonomic}
   size_t InitialHeapSize                          = 134217728                                 {product} {ergonomic}
   size_t MarkStackSize                            = 4194304                                   {product} {ergonomic}
   size_t MaxHeapSize                              = 2139095040                                {product} {ergonomic}
   size_t MinHeapDeltaBytes                        = 1048576                                   {product} {ergonomic}
   size_t MinHeapSize                              = 8388608                                   {product} {ergonomic}
    uintx NonNMethodCodeHeapSize                   = 5832780                                {pd product} {ergonomic}
    uintx NonProfiledCodeHeapSize                  = 122912730                              {pd product} {ergonomic}
    uintx ProfiledCodeHeapSize                     = 122912730                              {pd product} {ergonomic}
    uintx ReservedCodeCacheSize                    = 251658240                              {pd product} {ergonomic}
     bool SegmentedCodeCache                       = true                                      {product} {ergonomic}
   size_t SoftMaxHeapSize                          = 2139095040                             {manageable} {ergonomic}
     bool UseCompressedClassPointers               = true                           {product lp64_product} {ergonomic}
     bool UseCompressedOops                        = true                           {product lp64_product} {ergonomic}
     bool UseG1GC                                  = true                                      {product} {ergonomic}
     bool UseLargePagesIndividualAllocation        = false                                  {pd product} {ergonomic}

Logging:
Log output configuration:
 #0: stdout all=warning uptime,level,tags
 #1: stderr all=off uptime,level,tags

Environment Variables:
JAVA_HOME=C:\Program Files\Java\jdk-17.0.5
PATH=C:\ProgramData\Oracle\Java\javapath;C:\Program Files (x86)\Common Files\Oracle\Java\javapath;C:\Program Files\Java\jdk-17.0.5\bin;";C:\Python38\Scripts\;C:\Python38\;C:\Windows\system32;C:\Windows;C:\Windows\System32\Wbem;C:\Windows\System32\WindowsPowerShell\v1.0\;C:\Windows\System32\OpenSSH\;C:\Program Files\NVIDIA Corporation\NVIDIA NvDLISR;C:\Program Files (x86)\dotnet\;C:\Program Files (x86)\NVIDIA Corporation\PhysX\Common;C:\Program Files\NVIDIA Corporation\NVIDIA NvDLISR;C:\Program Files\Git\cmd;C:\Program Files\NVIDIA Corporation\NVIDIA NvDLISR";C:\Windows\system32;;C:\Program Files\Docker\Docker\resources\bin;C:\Users\админ\AppData\Local\Microsoft\WindowsApps;C:\Program Files\JetBrains\PyCharm Community Edition 2021.3.3\bin;;C:\Users\админ\AppData\Local\Programs\Microsoft VS Code\bin;C:\Program Files\JetBrains\IntelliJ IDEA Community Edition 2022.3\bin;;C:\Users\админ\AppData\Local\GitHubDesktop\bin
USERNAME=админ
OS=Windows_NT
PROCESSOR_IDENTIFIER=Intel64 Family 6 Model 42 Stepping 7, GenuineIntel



---------------  S Y S T E M  ---------------

OS:
 Windows 10 , 64 bit Build 19041 (10.0.19041.3570)
OS uptime: 2 days 3:07 hours
Hyper-V role detected

CPU: total 4 (initial active 4) (4 cores per cpu, 1 threads per core) family 6 model 42 stepping 7 microcode 0x2f, cx8, cmov, fxsr, mmx, sse, sse2, sse3, ssse3, sse4.1, sse4.2, popcnt, tsc, tscinvbit, avx, aes, clmul, vzeroupper, clflush, hv

Memory: 4k page, system-wide physical 8157M (586M free)
TotalPageFile size 20893M (AvailPageFile size 108M)
current process WorkingSet (physical memory assigned to process): 10M, peak: 10M
current process commit charge ("private bytes"): 51M, peak: 179M

vm_info: OpenJDK 64-Bit Server VM (17.0.1+12-39) for windows-amd64 JRE (17.0.1+12-39), built on Sep 27 2021 18:39:29 by "mach5one" with MS VC++ 16.8 (VS2019)

END.
