#
# There is insufficient memory for the Java Runtime Environment to continue.
# Native memory allocation (malloc) failed to allocate 362752 bytes for Chunk::new
# Possible reasons:
#   The system is out of physical RAM or swap space
#   The process is running with CompressedOops enabled, and the Java Heap may be blocking the growth of the native heap
# Possible solutions:
#   Reduce memory load on the system
#   Increase physical memory or swap space
#   Check if swap backing store is full
#   Decrease Java heap size (-Xmx/-Xms)
#   Decrease number of Java threads
#   Decrease Java thread stack sizes (-Xss)
#   Set larger code cache with -XX:ReservedCodeCacheSize=
#   JVM is running with Unscaled Compressed Oops mode in which the Java heap is
#     placed in the first 4GB address space. The Java Heap base address is the
#     maximum limit for the native heap growth. Please use -XX:HeapBaseMinAddress
#     to set the Java Heap base and to place the Java Heap above 4GB virtual address.
# This output file may be truncated or incomplete.
#
#  Out of Memory Error (arena.cpp:189), pid=5620, tid=13752
#
# JRE version: OpenJDK Runtime Environment (17.0.1+12) (build 17.0.1+12-39)
# Java VM: OpenJDK 64-Bit Server VM (17.0.1+12-39, mixed mode, sharing, tiered, compressed oops, compressed class ptrs, g1 gc, windows-amd64)
# No core dump will be written. Minidumps are not enabled by default on client versions of Windows
#

---------------  S U M M A R Y ------------

Command Line: -Dmaven.multiModuleProjectDirectory=E:\JavaProject\grpcTest -Djansi.passthrough=true -Dmaven.home=C:\Users\админ\.m2\wrapper\dists\apache-maven-3.9.5-bin\2adeog8mj13csp1uusqnc1f2mo\apache-maven-3.9.5 -Dclassworlds.conf=C:\Users\админ\.m2\wrapper\dists\apache-maven-3.9.5-bin\2adeog8mj13csp1uusqnc1f2mo\apache-maven-3.9.5\bin\m2.conf -Dmaven.ext.class.path=E:\JetBrains\IntelliJ IDEA Community Edition 2022.3\plugins\maven\lib\maven-event-listener.jar -javaagent:E:\JetBrains\IntelliJ IDEA Community Edition 2022.3\lib\idea_rt.jar=52417:E:\JetBrains\IntelliJ IDEA Community Edition 2022.3\bin -Dfile.encoding=UTF-8 org.codehaus.classworlds.Launcher -Didea.version=2022.3 clean compile

Host: Intel(R) Core(TM) i5-2500 CPU @ 3.30GHz, 4 cores, 7G,  Windows 10 , 64 bit Build 19041 (10.0.19041.3570)
Time: Wed Oct 25 16:20:31 2023 RTZ 2 (s 10 , 64 bit Build 19041 (10.0.19041.3570) elapsed time: 2.021076 seconds (0d 0h 0m 2s)

---------------  T H R E A D  ---------------

Current thread (0x000001a8fcf136a0):  JavaThread "C2 CompilerThread0" daemon [_thread_in_native, id=13752, stack(0x0000009a87f00000,0x0000009a88000000)]


Current CompileTask:
C2:   2021  525       4       java.util.HashMap::put (13 bytes)

Stack: [0x0000009a87f00000,0x0000009a88000000]
Native frames: (J=compiled Java code, j=interpreted, Vv=VM code, C=native code)
V  [jvm.dll+0x66fa1a]
V  [jvm.dll+0x7ce5a4]
V  [jvm.dll+0x7cfd4e]
V  [jvm.dll+0x7d03b3]
V  [jvm.dll+0x242b05]
V  [jvm.dll+0xaa05b]
V  [jvm.dll+0xaa5ec]
V  [jvm.dll+0x35fa07]
V  [jvm.dll+0x329f51]
V  [jvm.dll+0x3293fa]
V  [jvm.dll+0x215bf1]
V  [jvm.dll+0x215011]
V  [jvm.dll+0x1a168d]
V  [jvm.dll+0x224848]
V  [jvm.dll+0x2229ac]
V  [jvm.dll+0x78435b]
V  [jvm.dll+0x77e91a]
V  [jvm.dll+0x66e845]
C  [ucrtbase.dll+0x21bb2]
C  [KERNEL32.DLL+0x17344]
C  [ntdll.dll+0x526b1]


---------------  P R O C E S S  ---------------

Threads class SMR info:
_java_thread_list=0x000001a8fdd09b50, length=13, elements={
0x000001a8ee6c9e60, 0x000001a8fcef3e80, 0x000001a8fcef50c0, 0x000001a8fcf0bd20,
0x000001a8fcf09b70, 0x000001a8fcf0b850, 0x000001a8fcf0c6c0, 0x000001a8fcf136a0,
0x000001a8fcf21a30, 0x000001a8fcf34bf0, 0x000001a8fcf0cb90, 0x000001a8fcf0c1f0,
0x000001a8fcf0d530
}

Java Threads: ( => current thread )
  0x000001a8ee6c9e60 JavaThread "main" [_thread_in_vm, id=12148, stack(0x0000009a87200000,0x0000009a87300000)]
  0x000001a8fcef3e80 JavaThread "Reference Handler" daemon [_thread_blocked, id=17192, stack(0x0000009a87900000,0x0000009a87a00000)]
  0x000001a8fcef50c0 JavaThread "Finalizer" daemon [_thread_blocked, id=6280, stack(0x0000009a87a00000,0x0000009a87b00000)]
  0x000001a8fcf0bd20 JavaThread "Signal Dispatcher" daemon [_thread_blocked, id=16000, stack(0x0000009a87b00000,0x0000009a87c00000)]
  0x000001a8fcf09b70 JavaThread "Attach Listener" daemon [_thread_blocked, id=6860, stack(0x0000009a87c00000,0x0000009a87d00000)]
  0x000001a8fcf0b850 JavaThread "Service Thread" daemon [_thread_blocked, id=16692, stack(0x0000009a87d00000,0x0000009a87e00000)]
  0x000001a8fcf0c6c0 JavaThread "Monitor Deflation Thread" daemon [_thread_blocked, id=9980, stack(0x0000009a87e00000,0x0000009a87f00000)]
=>0x000001a8fcf136a0 JavaThread "C2 CompilerThread0" daemon [_thread_in_native, id=13752, stack(0x0000009a87f00000,0x0000009a88000000)]
  0x000001a8fcf21a30 JavaThread "C1 CompilerThread0" daemon [_thread_blocked, id=18028, stack(0x0000009a88000000,0x0000009a88100000)]
  0x000001a8fcf34bf0 JavaThread "Sweeper thread" daemon [_thread_blocked, id=6632, stack(0x0000009a88100000,0x0000009a88200000)]
  0x000001a8fcf0cb90 JavaThread "Common-Cleaner" daemon [_thread_blocked, id=7800, stack(0x0000009a88200000,0x0000009a88300000)]
  0x000001a8fcf0c1f0 JavaThread "Monitor Ctrl-Break" daemon [_thread_in_native, id=15112, stack(0x0000009a88300000,0x0000009a88400000)]
  0x000001a8fcf0d530 JavaThread "Notification Thread" daemon [_thread_blocked, id=5716, stack(0x0000009a88400000,0x0000009a88500000)]

Other Threads:
  0x000001a8fceeeeb0 VMThread "VM Thread" [stack: 0x0000009a87800000,0x0000009a87900000] [id=2632] _threads_hazard_ptr=0x000001a8fdd09b50
  0x000001a8fda08d10 WatcherThread [stack: 0x0000009a88500000,0x0000009a88600000] [id=14528]
  0x000001a8ee708eb0 GCTaskThread "GC Thread#0" [stack: 0x0000009a87300000,0x0000009a87400000] [id=1092]
  0x000001a8ee719cf0 ConcurrentGCThread "G1 Main Marker" [stack: 0x0000009a87400000,0x0000009a87500000] [id=16148]
  0x000001a8ee71aea0 ConcurrentGCThread "G1 Conc#0" [stack: 0x0000009a87500000,0x0000009a87600000] [id=1628]
  0x000001a8ee7936a0 ConcurrentGCThread "G1 Refine#0" [stack: 0x0000009a87600000,0x0000009a87700000] [id=16600]
  0x000001a8ee7940c0 ConcurrentGCThread "G1 Service" [stack: 0x0000009a87700000,0x0000009a87800000] [id=1584]

Threads with active compile tasks:
C2 CompilerThread0     2654  525       4       java.util.HashMap::put (13 bytes)

VM state: synchronizing (normal execution)

VM Mutex/Monitor currently owned by a thread:  ([mutex/lock_event])
[0x000001a8ee6c5270] Metaspace_lock - owner thread: 0x000001a8ee6c9e60
[0x000001a8ee6c63a0] Threads_lock - owner thread: 0x000001a8fceeeeb0

Heap address: 0x0000000080800000, size: 2040 MB, Compressed Oops mode: 32-bit

CDS archive(s) mapped at: [0x0000000800000000-0x0000000800bc0000-0x0000000800bc0000), size 12320768, SharedBaseAddress: 0x0000000800000000, ArchiveRelocationMode: 0.
Compressed class space mapped at: 0x0000000800c00000-0x0000000840c00000, reserved size: 1073741824
Narrow klass base: 0x0000000800000000, Narrow klass shift: 0, Narrow klass range: 0x100000000

GC Precious Log:
 CPUs: 4 total, 4 available
 Memory: 8157M
 Large Page Support: Disabled
 NUMA Support: Disabled
 Compressed Oops: Enabled (32-bit)
 Heap Region Size: 1M
 Heap Min Capacity: 8M
 Heap Initial Capacity: 128M
 Heap Max Capacity: 2040M
 Pre-touch: Disabled
 Parallel Workers: 4
 Concurrent Workers: 1
 Concurrent Refinement Workers: 4
 Periodic GC: Disabled

Heap:
 garbage-first heap   total 131072K, used 8192K [0x0000000080800000, 0x0000000100000000)
  region size 1024K, 9 young (9216K), 0 survivors (0K)
 Metaspace       used 2207K, committed 2304K, reserved 1056768K
  class space    used 197K, committed 256K, reserved 1048576K

Heap Regions: E=young(eden), S=young(survivor), O=old, HS=humongous(starts), HC=humongous(continues), CS=collection set, F=free, OA=open archive, CA=closed archive, TAMS=top-at-mark-start (previous, next)
|   0|0x0000000080800000, 0x0000000080800000, 0x0000000080900000|  0%| F|  |TAMS 0x0000000080800000, 0x0000000080800000| Untracked 
|   1|0x0000000080900000, 0x0000000080900000, 0x0000000080a00000|  0%| F|  |TAMS 0x0000000080900000, 0x0000000080900000| Untracked 
|   2|0x0000000080a00000, 0x0000000080a00000, 0x0000000080b00000|  0%| F|  |TAMS 0x0000000080a00000, 0x0000000080a00000| Untracked 
|   3|0x0000000080b00000, 0x0000000080b00000, 0x0000000080c00000|  0%| F|  |TAMS 0x0000000080b00000, 0x0000000080b00000| Untracked 
|   4|0x0000000080c00000, 0x0000000080c00000, 0x0000000080d00000|  0%| F|  |TAMS 0x0000000080c00000, 0x0000000080c00000| Untracked 
|   5|0x0000000080d00000, 0x0000000080d00000, 0x0000000080e00000|  0%| F|  |TAMS 0x0000000080d00000, 0x0000000080d00000| Untracked 
|   6|0x0000000080e00000, 0x0000000080e00000, 0x0000000080f00000|  0%| F|  |TAMS 0x0000000080e00000, 0x0000000080e00000| Untracked 
|   7|0x0000000080f00000, 0x0000000080f00000, 0x0000000081000000|  0%| F|  |TAMS 0x0000000080f00000, 0x0000000080f00000| Untracked 
|   8|0x0000000081000000, 0x0000000081000000, 0x0000000081100000|  0%| F|  |TAMS 0x0000000081000000, 0x0000000081000000| Untracked 
|   9|0x0000000081100000, 0x0000000081100000, 0x0000000081200000|  0%| F|  |TAMS 0x0000000081100000, 0x0000000081100000| Untracked 
|  10|0x0000000081200000, 0x0000000081200000, 0x0000000081300000|  0%| F|  |TAMS 0x0000000081200000, 0x0000000081200000| Untracked 
|  11|0x0000000081300000, 0x0000000081300000, 0x0000000081400000|  0%| F|  |TAMS 0x0000000081300000, 0x0000000081300000| Untracked 
|  12|0x0000000081400000, 0x0000000081400000, 0x0000000081500000|  0%| F|  |TAMS 0x0000000081400000, 0x0000000081400000| Untracked 
|  13|0x0000000081500000, 0x0000000081500000, 0x0000000081600000|  0%| F|  |TAMS 0x0000000081500000, 0x0000000081500000| Untracked 
|  14|0x0000000081600000, 0x0000000081600000, 0x0000000081700000|  0%| F|  |TAMS 0x0000000081600000, 0x0000000081600000| Untracked 
|  15|0x0000000081700000, 0x0000000081700000, 0x0000000081800000|  0%| F|  |TAMS 0x0000000081700000, 0x0000000081700000| Untracked 
|  16|0x0000000081800000, 0x0000000081800000, 0x0000000081900000|  0%| F|  |TAMS 0x0000000081800000, 0x0000000081800000| Untracked 
|  17|0x0000000081900000, 0x0000000081900000, 0x0000000081a00000|  0%| F|  |TAMS 0x0000000081900000, 0x0000000081900000| Untracked 
|  18|0x0000000081a00000, 0x0000000081a00000, 0x0000000081b00000|  0%| F|  |TAMS 0x0000000081a00000, 0x0000000081a00000| Untracked 
|  19|0x0000000081b00000, 0x0000000081b00000, 0x0000000081c00000|  0%| F|  |TAMS 0x0000000081b00000, 0x0000000081b00000| Untracked 
|  20|0x0000000081c00000, 0x0000000081c00000, 0x0000000081d00000|  0%| F|  |TAMS 0x0000000081c00000, 0x0000000081c00000| Untracked 
|  21|0x0000000081d00000, 0x0000000081d00000, 0x0000000081e00000|  0%| F|  |TAMS 0x0000000081d00000, 0x0000000081d00000| Untracked 
|  22|0x0000000081e00000, 0x0000000081e00000, 0x0000000081f00000|  0%| F|  |TAMS 0x0000000081e00000, 0x0000000081e00000| Untracked 
|  23|0x0000000081f00000, 0x0000000081f00000, 0x0000000082000000|  0%| F|  |TAMS 0x0000000081f00000, 0x0000000081f00000| Untracked 
|  24|0x0000000082000000, 0x0000000082000000, 0x0000000082100000|  0%| F|  |TAMS 0x0000000082000000, 0x0000000082000000| Untracked 
|  25|0x0000000082100000, 0x0000000082100000, 0x0000000082200000|  0%| F|  |TAMS 0x0000000082100000, 0x0000000082100000| Untracked 
|  26|0x0000000082200000, 0x0000000082200000, 0x0000000082300000|  0%| F|  |TAMS 0x0000000082200000, 0x0000000082200000| Untracked 
|  27|0x0000000082300000, 0x0000000082300000, 0x0000000082400000|  0%| F|  |TAMS 0x0000000082300000, 0x0000000082300000| Untracked 
|  28|0x0000000082400000, 0x0000000082400000, 0x0000000082500000|  0%| F|  |TAMS 0x0000000082400000, 0x0000000082400000| Untracked 
|  29|0x0000000082500000, 0x0000000082500000, 0x0000000082600000|  0%| F|  |TAMS 0x0000000082500000, 0x0000000082500000| Untracked 
|  30|0x0000000082600000, 0x0000000082600000, 0x0000000082700000|  0%| F|  |TAMS 0x0000000082600000, 0x0000000082600000| Untracked 
|  31|0x0000000082700000, 0x0000000082700000, 0x0000000082800000|  0%| F|  |TAMS 0x0000000082700000, 0x0000000082700000| Untracked 
|  32|0x0000000082800000, 0x0000000082800000, 0x0000000082900000|  0%| F|  |TAMS 0x0000000082800000, 0x0000000082800000| Untracked 
|  33|0x0000000082900000, 0x0000000082900000, 0x0000000082a00000|  0%| F|  |TAMS 0x0000000082900000, 0x0000000082900000| Untracked 
|  34|0x0000000082a00000, 0x0000000082a00000, 0x0000000082b00000|  0%| F|  |TAMS 0x0000000082a00000, 0x0000000082a00000| Untracked 
|  35|0x0000000082b00000, 0x0000000082b00000, 0x0000000082c00000|  0%| F|  |TAMS 0x0000000082b00000, 0x0000000082b00000| Untracked 
|  36|0x0000000082c00000, 0x0000000082c00000, 0x0000000082d00000|  0%| F|  |TAMS 0x0000000082c00000, 0x0000000082c00000| Untracked 
|  37|0x0000000082d00000, 0x0000000082d00000, 0x0000000082e00000|  0%| F|  |TAMS 0x0000000082d00000, 0x0000000082d00000| Untracked 
|  38|0x0000000082e00000, 0x0000000082e00000, 0x0000000082f00000|  0%| F|  |TAMS 0x0000000082e00000, 0x0000000082e00000| Untracked 
|  39|0x0000000082f00000, 0x0000000082f00000, 0x0000000083000000|  0%| F|  |TAMS 0x0000000082f00000, 0x0000000082f00000| Untracked 
|  40|0x0000000083000000, 0x0000000083000000, 0x0000000083100000|  0%| F|  |TAMS 0x0000000083000000, 0x0000000083000000| Untracked 
|  41|0x0000000083100000, 0x0000000083100000, 0x0000000083200000|  0%| F|  |TAMS 0x0000000083100000, 0x0000000083100000| Untracked 
|  42|0x0000000083200000, 0x0000000083200000, 0x0000000083300000|  0%| F|  |TAMS 0x0000000083200000, 0x0000000083200000| Untracked 
|  43|0x0000000083300000, 0x0000000083300000, 0x0000000083400000|  0%| F|  |TAMS 0x0000000083300000, 0x0000000083300000| Untracked 
|  44|0x0000000083400000, 0x0000000083400000, 0x0000000083500000|  0%| F|  |TAMS 0x0000000083400000, 0x0000000083400000| Untracked 
|  45|0x0000000083500000, 0x0000000083500000, 0x0000000083600000|  0%| F|  |TAMS 0x0000000083500000, 0x0000000083500000| Untracked 
|  46|0x0000000083600000, 0x0000000083600000, 0x0000000083700000|  0%| F|  |TAMS 0x0000000083600000, 0x0000000083600000| Untracked 
|  47|0x0000000083700000, 0x0000000083700000, 0x0000000083800000|  0%| F|  |TAMS 0x0000000083700000, 0x0000000083700000| Untracked 
|  48|0x0000000083800000, 0x0000000083800000, 0x0000000083900000|  0%| F|  |TAMS 0x0000000083800000, 0x0000000083800000| Untracked 
|  49|0x0000000083900000, 0x0000000083900000, 0x0000000083a00000|  0%| F|  |TAMS 0x0000000083900000, 0x0000000083900000| Untracked 
|  50|0x0000000083a00000, 0x0000000083a00000, 0x0000000083b00000|  0%| F|  |TAMS 0x0000000083a00000, 0x0000000083a00000| Untracked 
|  51|0x0000000083b00000, 0x0000000083b00000, 0x0000000083c00000|  0%| F|  |TAMS 0x0000000083b00000, 0x0000000083b00000| Untracked 
|  52|0x0000000083c00000, 0x0000000083c00000, 0x0000000083d00000|  0%| F|  |TAMS 0x0000000083c00000, 0x0000000083c00000| Untracked 
|  53|0x0000000083d00000, 0x0000000083d00000, 0x0000000083e00000|  0%| F|  |TAMS 0x0000000083d00000, 0x0000000083d00000| Untracked 
|  54|0x0000000083e00000, 0x0000000083e00000, 0x0000000083f00000|  0%| F|  |TAMS 0x0000000083e00000, 0x0000000083e00000| Untracked 
|  55|0x0000000083f00000, 0x0000000083f00000, 0x0000000084000000|  0%| F|  |TAMS 0x0000000083f00000, 0x0000000083f00000| Untracked 
|  56|0x0000000084000000, 0x0000000084000000, 0x0000000084100000|  0%| F|  |TAMS 0x0000000084000000, 0x0000000084000000| Untracked 
|  57|0x0000000084100000, 0x0000000084100000, 0x0000000084200000|  0%| F|  |TAMS 0x0000000084100000, 0x0000000084100000| Untracked 
|  58|0x0000000084200000, 0x0000000084200000, 0x0000000084300000|  0%| F|  |TAMS 0x0000000084200000, 0x0000000084200000| Untracked 
|  59|0x0000000084300000, 0x0000000084300000, 0x0000000084400000|  0%| F|  |TAMS 0x0000000084300000, 0x0000000084300000| Untracked 
|  60|0x0000000084400000, 0x0000000084400000, 0x0000000084500000|  0%| F|  |TAMS 0x0000000084400000, 0x0000000084400000| Untracked 
|  61|0x0000000084500000, 0x0000000084500000, 0x0000000084600000|  0%| F|  |TAMS 0x0000000084500000, 0x0000000084500000| Untracked 
|  62|0x0000000084600000, 0x0000000084600000, 0x0000000084700000|  0%| F|  |TAMS 0x0000000084600000, 0x0000000084600000| Untracked 
|  63|0x0000000084700000, 0x0000000084700000, 0x0000000084800000|  0%| F|  |TAMS 0x0000000084700000, 0x0000000084700000| Untracked 
|  64|0x0000000084800000, 0x0000000084800000, 0x0000000084900000|  0%| F|  |TAMS 0x0000000084800000, 0x0000000084800000| Untracked 
|  65|0x0000000084900000, 0x0000000084900000, 0x0000000084a00000|  0%| F|  |TAMS 0x0000000084900000, 0x0000000084900000| Untracked 
|  66|0x0000000084a00000, 0x0000000084a00000, 0x0000000084b00000|  0%| F|  |TAMS 0x0000000084a00000, 0x0000000084a00000| Untracked 
|  67|0x0000000084b00000, 0x0000000084b00000, 0x0000000084c00000|  0%| F|  |TAMS 0x0000000084b00000, 0x0000000084b00000| Untracked 
|  68|0x0000000084c00000, 0x0000000084c00000, 0x0000000084d00000|  0%| F|  |TAMS 0x0000000084c00000, 0x0000000084c00000| Untracked 
|  69|0x0000000084d00000, 0x0000000084d00000, 0x0000000084e00000|  0%| F|  |TAMS 0x0000000084d00000, 0x0000000084d00000| Untracked 
|  70|0x0000000084e00000, 0x0000000084e00000, 0x0000000084f00000|  0%| F|  |TAMS 0x0000000084e00000, 0x0000000084e00000| Untracked 
|  71|0x0000000084f00000, 0x0000000084f00000, 0x0000000085000000|  0%| F|  |TAMS 0x0000000084f00000, 0x0000000084f00000| Untracked 
|  72|0x0000000085000000, 0x0000000085000000, 0x0000000085100000|  0%| F|  |TAMS 0x0000000085000000, 0x0000000085000000| Untracked 
|  73|0x0000000085100000, 0x0000000085100000, 0x0000000085200000|  0%| F|  |TAMS 0x0000000085100000, 0x0000000085100000| Untracked 
|  74|0x0000000085200000, 0x0000000085200000, 0x0000000085300000|  0%| F|  |TAMS 0x0000000085200000, 0x0000000085200000| Untracked 
|  75|0x0000000085300000, 0x0000000085300000, 0x0000000085400000|  0%| F|  |TAMS 0x0000000085300000, 0x0000000085300000| Untracked 
|  76|0x0000000085400000, 0x0000000085400000, 0x0000000085500000|  0%| F|  |TAMS 0x0000000085400000, 0x0000000085400000| Untracked 
|  77|0x0000000085500000, 0x0000000085500000, 0x0000000085600000|  0%| F|  |TAMS 0x0000000085500000, 0x0000000085500000| Untracked 
|  78|0x0000000085600000, 0x0000000085600000, 0x0000000085700000|  0%| F|  |TAMS 0x0000000085600000, 0x0000000085600000| Untracked 
|  79|0x0000000085700000, 0x0000000085700000, 0x0000000085800000|  0%| F|  |TAMS 0x0000000085700000, 0x0000000085700000| Untracked 
|  80|0x0000000085800000, 0x0000000085800000, 0x0000000085900000|  0%| F|  |TAMS 0x0000000085800000, 0x0000000085800000| Untracked 
|  81|0x0000000085900000, 0x0000000085900000, 0x0000000085a00000|  0%| F|  |TAMS 0x0000000085900000, 0x0000000085900000| Untracked 
|  82|0x0000000085a00000, 0x0000000085a00000, 0x0000000085b00000|  0%| F|  |TAMS 0x0000000085a00000, 0x0000000085a00000| Untracked 
|  83|0x0000000085b00000, 0x0000000085b00000, 0x0000000085c00000|  0%| F|  |TAMS 0x0000000085b00000, 0x0000000085b00000| Untracked 
|  84|0x0000000085c00000, 0x0000000085c00000, 0x0000000085d00000|  0%| F|  |TAMS 0x0000000085c00000, 0x0000000085c00000| Untracked 
|  85|0x0000000085d00000, 0x0000000085d00000, 0x0000000085e00000|  0%| F|  |TAMS 0x0000000085d00000, 0x0000000085d00000| Untracked 
|  86|0x0000000085e00000, 0x0000000085e00000, 0x0000000085f00000|  0%| F|  |TAMS 0x0000000085e00000, 0x0000000085e00000| Untracked 
|  87|0x0000000085f00000, 0x0000000085f00000, 0x0000000086000000|  0%| F|  |TAMS 0x0000000085f00000, 0x0000000085f00000| Untracked 
|  88|0x0000000086000000, 0x0000000086000000, 0x0000000086100000|  0%| F|  |TAMS 0x0000000086000000, 0x0000000086000000| Untracked 
|  89|0x0000000086100000, 0x0000000086100000, 0x0000000086200000|  0%| F|  |TAMS 0x0000000086100000, 0x0000000086100000| Untracked 
|  90|0x0000000086200000, 0x0000000086200000, 0x0000000086300000|  0%| F|  |TAMS 0x0000000086200000, 0x0000000086200000| Untracked 
|  91|0x0000000086300000, 0x0000000086300000, 0x0000000086400000|  0%| F|  |TAMS 0x0000000086300000, 0x0000000086300000| Untracked 
|  92|0x0000000086400000, 0x0000000086400000, 0x0000000086500000|  0%| F|  |TAMS 0x0000000086400000, 0x0000000086400000| Untracked 
|  93|0x0000000086500000, 0x0000000086500000, 0x0000000086600000|  0%| F|  |TAMS 0x0000000086500000, 0x0000000086500000| Untracked 
|  94|0x0000000086600000, 0x0000000086600000, 0x0000000086700000|  0%| F|  |TAMS 0x0000000086600000, 0x0000000086600000| Untracked 
|  95|0x0000000086700000, 0x0000000086700000, 0x0000000086800000|  0%| F|  |TAMS 0x0000000086700000, 0x0000000086700000| Untracked 
|  96|0x0000000086800000, 0x0000000086800000, 0x0000000086900000|  0%| F|  |TAMS 0x0000000086800000, 0x0000000086800000| Untracked 
|  97|0x0000000086900000, 0x0000000086900000, 0x0000000086a00000|  0%| F|  |TAMS 0x0000000086900000, 0x0000000086900000| Untracked 
|  98|0x0000000086a00000, 0x0000000086a00000, 0x0000000086b00000|  0%| F|  |TAMS 0x0000000086a00000, 0x0000000086a00000| Untracked 
|  99|0x0000000086b00000, 0x0000000086b00000, 0x0000000086c00000|  0%| F|  |TAMS 0x0000000086b00000, 0x0000000086b00000| Untracked 
| 100|0x0000000086c00000, 0x0000000086c00000, 0x0000000086d00000|  0%| F|  |TAMS 0x0000000086c00000, 0x0000000086c00000| Untracked 
| 101|0x0000000086d00000, 0x0000000086d00000, 0x0000000086e00000|  0%| F|  |TAMS 0x0000000086d00000, 0x0000000086d00000| Untracked 
| 102|0x0000000086e00000, 0x0000000086e00000, 0x0000000086f00000|  0%| F|  |TAMS 0x0000000086e00000, 0x0000000086e00000| Untracked 
| 103|0x0000000086f00000, 0x0000000086f00000, 0x0000000087000000|  0%| F|  |TAMS 0x0000000086f00000, 0x0000000086f00000| Untracked 
| 104|0x0000000087000000, 0x0000000087000000, 0x0000000087100000|  0%| F|  |TAMS 0x0000000087000000, 0x0000000087000000| Untracked 
| 105|0x0000000087100000, 0x0000000087100000, 0x0000000087200000|  0%| F|  |TAMS 0x0000000087100000, 0x0000000087100000| Untracked 
| 106|0x0000000087200000, 0x0000000087200000, 0x0000000087300000|  0%| F|  |TAMS 0x0000000087200000, 0x0000000087200000| Untracked 
| 107|0x0000000087300000, 0x0000000087300000, 0x0000000087400000|  0%| F|  |TAMS 0x0000000087300000, 0x0000000087300000| Untracked 
| 108|0x0000000087400000, 0x0000000087400000, 0x0000000087500000|  0%| F|  |TAMS 0x0000000087400000, 0x0000000087400000| Untracked 
| 109|0x0000000087500000, 0x0000000087500000, 0x0000000087600000|  0%| F|  |TAMS 0x0000000087500000, 0x0000000087500000| Untracked 
| 110|0x0000000087600000, 0x0000000087600000, 0x0000000087700000|  0%| F|  |TAMS 0x0000000087600000, 0x0000000087600000| Untracked 
| 111|0x0000000087700000, 0x0000000087700000, 0x0000000087800000|  0%| F|  |TAMS 0x0000000087700000, 0x0000000087700000| Untracked 
| 112|0x0000000087800000, 0x0000000087800000, 0x0000000087900000|  0%| F|  |TAMS 0x0000000087800000, 0x0000000087800000| Untracked 
| 113|0x0000000087900000, 0x0000000087900000, 0x0000000087a00000|  0%| F|  |TAMS 0x0000000087900000, 0x0000000087900000| Untracked 
| 114|0x0000000087a00000, 0x0000000087a00000, 0x0000000087b00000|  0%| F|  |TAMS 0x0000000087a00000, 0x0000000087a00000| Untracked 
| 115|0x0000000087b00000, 0x0000000087b00000, 0x0000000087c00000|  0%| F|  |TAMS 0x0000000087b00000, 0x0000000087b00000| Untracked 
| 116|0x0000000087c00000, 0x0000000087c00000, 0x0000000087d00000|  0%| F|  |TAMS 0x0000000087c00000, 0x0000000087c00000| Untracked 
| 117|0x0000000087d00000, 0x0000000087d00000, 0x0000000087e00000|  0%| F|  |TAMS 0x0000000087d00000, 0x0000000087d00000| Untracked 
| 118|0x0000000087e00000, 0x0000000087e00000, 0x0000000087f00000|  0%| F|  |TAMS 0x0000000087e00000, 0x0000000087e00000| Untracked 
| 119|0x0000000087f00000, 0x0000000087f59af8, 0x0000000088000000| 35%| E|  |TAMS 0x0000000087f00000, 0x0000000087f00000| Complete 
| 120|0x0000000088000000, 0x0000000088100000, 0x0000000088100000|100%| E|CS|TAMS 0x0000000088000000, 0x0000000088000000| Complete 
| 121|0x0000000088100000, 0x0000000088200000, 0x0000000088200000|100%| E|CS|TAMS 0x0000000088100000, 0x0000000088100000| Complete 
| 122|0x0000000088200000, 0x0000000088300000, 0x0000000088300000|100%| E|CS|TAMS 0x0000000088200000, 0x0000000088200000| Complete 
| 123|0x0000000088300000, 0x0000000088400000, 0x0000000088400000|100%| E|CS|TAMS 0x0000000088300000, 0x0000000088300000| Complete 
| 124|0x0000000088400000, 0x0000000088500000, 0x0000000088500000|100%| E|CS|TAMS 0x0000000088400000, 0x0000000088400000| Complete 
| 125|0x0000000088500000, 0x0000000088600000, 0x0000000088600000|100%| E|CS|TAMS 0x0000000088500000, 0x0000000088500000| Complete 
| 126|0x0000000088600000, 0x0000000088700000, 0x0000000088700000|100%| E|CS|TAMS 0x0000000088600000, 0x0000000088600000| Complete 
| 127|0x0000000088700000, 0x0000000088800000, 0x0000000088800000|100%| E|CS|TAMS 0x0000000088700000, 0x0000000088700000| Complete 

Card table byte_map: [0x000001a8f62c0000,0x000001a8f66c0000] _byte_map_base: 0x000001a8f5ebc000

Marking Bits (Prev, Next): (CMBitMap*) 0x000001a8ee7094c0, (CMBitMap*) 0x000001a8ee709500
 Prev Bits: [0x000001a8f6ac0000, 0x000001a8f8aa0000)
 Next Bits: [0x000001a8f8aa0000, 0x000001a8faa80000)

Polling page: 0x000001a8ec660000

Metaspace:

Usage:
  Non-class:      1.96 MB used.
      Class:    197.31 KB used.
       Both:      2.16 MB used.

Virtual space:
  Non-class space:        8.00 MB reserved,       2.00 MB ( 25%) committed,  1 nodes.
      Class space:        1.00 GB reserved,     256.00 KB ( <1%) committed,  1 nodes.
             Both:        1.01 GB reserved,       2.25 MB ( <1%) committed. 

Chunk freelists:
   Non-Class:  3.38 MB
       Class:  3.66 MB
        Both:  7.04 MB

MaxMetaspaceSize: unlimited
CompressedClassSpaceSize: 1.00 GB
Initial GC threshold: 21.00 MB
Current GC threshold: 21.00 MB
CDS: on
MetaspaceReclaimPolicy: balanced
 - commit_granule_bytes: 65536.
 - commit_granule_words: 8192.
 - virtual_space_node_default_size: 1048576.
 - enlarge_chunks_in_place: 1.
 - new_chunks_are_fully_committed: 0.
 - uncommit_free_chunks: 1.
 - use_allocation_guard: 0.
 - handle_deallocations: 1.


Internal statistics:

num_allocs_failed_limit: 0.
num_arena_births: 22.
num_arena_deaths: 0.
num_vsnodes_births: 2.
num_vsnodes_deaths: 0.
num_space_committed: 36.
num_space_uncommitted: 0.
num_chunks_returned_to_freelist: 0.
num_chunks_taken_from_freelist: 66.
num_chunk_merges: 0.
num_chunk_splits: 38.
num_chunks_enlarged: 26.
num_purges: 0.
num_inconsistent_stats: 0.

CodeHeap 'non-profiled nmethods': size=120000Kb used=167Kb max_used=167Kb free=119832Kb
 bounds [0x000001a887ad0000, 0x000001a887d40000, 0x000001a88f000000]
CodeHeap 'profiled nmethods': size=120000Kb used=860Kb max_used=860Kb free=119140Kb
 bounds [0x000001a8805a0000, 0x000001a880810000, 0x000001a887ad0000]
CodeHeap 'non-nmethods': size=5760Kb used=1135Kb max_used=1149Kb free=4624Kb
 bounds [0x000001a880000000, 0x000001a880270000, 0x000001a8805a0000]
 total_blobs=977 nmethods=557 adapters=333
 compilation: enabled
              stopped_count=0, restarted_count=0
 full_count=0

Compilation events (20 events):
Event: 1.800 Thread 0x000001a8fcf21a30 nmethod 519 0x000001a88065fd90 code [0x000001a88065ff40, 0x000001a880660148]
Event: 1.800 Thread 0x000001a8fcf21a30  520       3       java.util.Collections$SetFromMap::remove (19 bytes)
Event: 1.800 Thread 0x000001a8fcf21a30 nmethod 520 0x000001a880660210 code [0x000001a8806603c0, 0x000001a8806605e8]
Event: 1.801 Thread 0x000001a8fcf21a30  521       1       java.nio.HeapByteBuffer::isDirect (2 bytes)
Event: 1.801 Thread 0x000001a8fcf21a30 nmethod 521 0x000001a887af8010 code [0x000001a887af81a0, 0x000001a887af8278]
Event: 1.805 Thread 0x000001a8fcf21a30  522       3       java.lang.StringLatin1::indexOf (121 bytes)
Event: 1.806 Thread 0x000001a8fcf21a30 nmethod 522 0x000001a880660690 code [0x000001a880660860, 0x000001a880660d58]
Event: 1.806 Thread 0x000001a8fcf21a30  523       3       java.lang.ref.Cleaner::register (25 bytes)
Event: 1.806 Thread 0x000001a8fcf21a30 nmethod 523 0x000001a880660f90 code [0x000001a880661180, 0x000001a8806616c8]
Event: 1.806 Thread 0x000001a8fcf21a30  524       3       jdk.internal.ref.CleanerImpl$PhantomCleanableRef::<init> (12 bytes)
Event: 1.807 Thread 0x000001a8fcf21a30 nmethod 524 0x000001a880661910 code [0x000001a880661ac0, 0x000001a880661c68]
Event: 1.808 Thread 0x000001a8fcf136a0  525       4       java.util.HashMap::put (13 bytes)
Event: 1.810 Thread 0x000001a8fcf21a30  526   !   3       java.net.URL::<init> (543 bytes)
Event: 1.819 Thread 0x000001a8fcf21a30 nmethod 526 0x000001a880661d10 code [0x000001a8806623c0, 0x000001a880665e48]
Event: 1.819 Thread 0x000001a8fcf21a30  529       3       java.lang.StringUTF16::indexOf (43 bytes)
Event: 1.820 Thread 0x000001a8fcf21a30 nmethod 529 0x000001a880667f90 code [0x000001a880668180, 0x000001a880668588]
Event: 1.820 Thread 0x000001a8fcf21a30  527       3       java.net.URLStreamHandler::setURL (73 bytes)
Event: 1.823 Thread 0x000001a8fcf21a30 nmethod 527 0x000001a880668710 code [0x000001a8806689e0, 0x000001a880669858]
Event: 1.823 Thread 0x000001a8fcf21a30  528   !   3       java.net.URL::set (114 bytes)
Event: 1.824 Thread 0x000001a8fcf21a30 nmethod 528 0x000001a880669d90 code [0x000001a880669fe0, 0x000001a88066aa98]

GC Heap History (0 events):
No events

Deoptimization events (20 events):
Event: 0.173 Thread 0x000001a8ee6c9e60 DEOPT PACKING pc=0x000001a887adcf50 sp=0x0000009a872fdfd0
Event: 0.173 Thread 0x000001a8ee6c9e60 DEOPT UNPACKING pc=0x000001a8800523a3 sp=0x0000009a872fdf50 mode 2
Event: 0.173 Thread 0x000001a8ee6c9e60 Uncommon trap: trap_request=0xffffffde fr.pc=0x000001a887adcf50 relative=0x00000000000007f0
Event: 0.173 Thread 0x000001a8ee6c9e60 Uncommon trap: reason=class_check action=maybe_recompile pc=0x000001a887adcf50 method=java.util.HashMap.putVal(ILjava/lang/Object;Ljava/lang/Object;ZZ)Ljava/lang/Object; @ 152 c2
Event: 0.173 Thread 0x000001a8ee6c9e60 DEOPT PACKING pc=0x000001a887adcf50 sp=0x0000009a872fdfd0
Event: 0.173 Thread 0x000001a8ee6c9e60 DEOPT UNPACKING pc=0x000001a8800523a3 sp=0x0000009a872fdf50 mode 2
Event: 0.173 Thread 0x000001a8ee6c9e60 Uncommon trap: trap_request=0xffffffde fr.pc=0x000001a887adcf50 relative=0x00000000000007f0
Event: 0.173 Thread 0x000001a8ee6c9e60 Uncommon trap: reason=class_check action=maybe_recompile pc=0x000001a887adcf50 method=java.util.HashMap.putVal(ILjava/lang/Object;Ljava/lang/Object;ZZ)Ljava/lang/Object; @ 152 c2
Event: 0.173 Thread 0x000001a8ee6c9e60 DEOPT PACKING pc=0x000001a887adcf50 sp=0x0000009a872fdfd0
Event: 0.173 Thread 0x000001a8ee6c9e60 DEOPT UNPACKING pc=0x000001a8800523a3 sp=0x0000009a872fdf50 mode 2
Event: 0.173 Thread 0x000001a8ee6c9e60 Uncommon trap: trap_request=0xffffffde fr.pc=0x000001a887adcf50 relative=0x00000000000007f0
Event: 0.173 Thread 0x000001a8ee6c9e60 Uncommon trap: reason=class_check action=maybe_recompile pc=0x000001a887adcf50 method=java.util.HashMap.putVal(ILjava/lang/Object;Ljava/lang/Object;ZZ)Ljava/lang/Object; @ 152 c2
Event: 0.173 Thread 0x000001a8ee6c9e60 DEOPT PACKING pc=0x000001a887adcf50 sp=0x0000009a872fdfd0
Event: 0.173 Thread 0x000001a8ee6c9e60 DEOPT UNPACKING pc=0x000001a8800523a3 sp=0x0000009a872fdf50 mode 2
Event: 0.246 Thread 0x000001a8ee6c9e60 Uncommon trap: trap_request=0xffffff45 fr.pc=0x000001a887ae1e80 relative=0x0000000000000180
Event: 0.246 Thread 0x000001a8ee6c9e60 Uncommon trap: reason=unstable_if action=reinterpret pc=0x000001a887ae1e80 method=java.lang.String.equals(Ljava/lang/Object;)Z @ 33 c2
Event: 0.246 Thread 0x000001a8ee6c9e60 DEOPT PACKING pc=0x000001a887ae1e80 sp=0x0000009a872fe6c0
Event: 0.246 Thread 0x000001a8ee6c9e60 DEOPT UNPACKING pc=0x000001a8800523a3 sp=0x0000009a872fe660 mode 2
Event: 1.813 Thread 0x000001a8ee6c9e60 DEOPT PACKING pc=0x000001a8805f9953 sp=0x0000009a872fa000
Event: 1.813 Thread 0x000001a8ee6c9e60 DEOPT UNPACKING pc=0x000001a880052b43 sp=0x0000009a872f9410 mode 0

Classes unloaded (0 events):
No events

Classes redefined (0 events):
No events

Internal exceptions (4 events):
Event: 0.180 Thread 0x000001a8fcf0c1f0 Exception <a 'java/lang/NoSuchMethodError'{0x0000000088504a28}: 'java.lang.Object java.lang.invoke.DirectMethodHandle$Holder.invokeStaticInit(java.lang.Object)'> (0x0000000088504a28) 
thrown [t:\workspace\open\src\hotspot\share\interpreter\linkResolver.cpp, line 766]
Event: 0.186 Thread 0x000001a8fcf0c1f0 Exception <a 'java/lang/NoSuchMethodError'{0x00000000885121d8}: 'void java.lang.invoke.DirectMethodHandle$Holder.invokeStatic(java.lang.Object, java.lang.Object)'> (0x00000000885121d8) 
thrown [t:\workspace\open\src\hotspot\share\interpreter\linkResolver.cpp, line 766]
Event: 0.218 Thread 0x000001a8ee6c9e60 Exception <a 'java/lang/NoSuchMethodError'{0x00000000885a2ec0}: 'int java.lang.invoke.DirectMethodHandle$Holder.invokeSpecial(java.lang.Object, java.lang.Object, java.lang.Object)'> (0x00000000885a2ec0) 
thrown [t:\workspace\open\src\hotspot\share\interpreter\linkResolver.cpp, line 766]
Event: 0.347 Thread 0x000001a8ee6c9e60 Exception <a 'java/lang/NullPointerException'{0x00000000882cb460}> (0x00000000882cb460) 
thrown [t:\workspace\open\src\hotspot\share\interpreter\linkResolver.cpp, line 1357]

VM Operations (10 events):
Event: 0.126 Executing VM operation: HandshakeAllThreads
Event: 0.126 Executing VM operation: HandshakeAllThreads done
Event: 0.178 Executing VM operation: HandshakeAllThreads
Event: 0.178 Executing VM operation: HandshakeAllThreads done
Event: 0.346 Executing VM operation: HandshakeAllThreads
Event: 0.346 Executing VM operation: HandshakeAllThreads done
Event: 0.362 Executing VM operation: HandshakeAllThreads
Event: 0.362 Executing VM operation: HandshakeAllThreads done
Event: 1.374 Executing VM operation: Cleanup
Event: 1.375 Executing VM operation: Cleanup done

Events (20 events):
Event: 1.727 Loaded shared library C:\Users\админ\AppData\Local\Temp\jansi-2.4.0-cd940513fa32d85e-jansi.dll
Event: 1.727 loading class jdk/internal/loader/NativeLibraries$Unloader
Event: 1.727 loading class jdk/internal/loader/NativeLibraries$Unloader done
Event: 1.789 loading class sun/nio/fs/WindowsLinkSupport
Event: 1.789 loading class sun/nio/fs/WindowsLinkSupport done
Event: 1.790 loading class sun/nio/fs/WindowsPath$1
Event: 1.790 loading class sun/nio/fs/WindowsPath$1 done
Event: 1.794 Loaded shared library E:\Java\jdk-17.0.1\bin\verify.dll
Event: 1.804 loading class java/lang/CloneNotSupportedException
Event: 1.804 loading class java/lang/CloneNotSupportedException done
Event: 1.804 loading class java/lang/UnsupportedOperationException
Event: 1.804 loading class java/lang/UnsupportedOperationException done
Event: 1.819 loading class java/util/LinkedHashMap$LinkedValues
Event: 1.819 loading class java/util/LinkedHashMap$LinkedValues done
Event: 1.824 loading class java/util/LinkedHashMap$LinkedValueIterator
Event: 1.825 loading class java/util/LinkedHashMap$LinkedValueIterator done
Event: 1.828 loading class java/util/AbstractList$ListItr
Event: 1.829 loading class java/util/AbstractList$Itr
Event: 1.829 loading class java/util/AbstractList$Itr done
Event: 1.829 loading class java/util/AbstractList$ListItr done


Dynamic libraries:
0x00007ff6918e0000 - 0x00007ff6918ee000 	E:\Java\jdk-17.0.1\bin\java.exe
0x00007ffc7b990000 - 0x00007ffc7bb87000 	C:\Windows\SYSTEM32\ntdll.dll
0x00007ffc7b090000 - 0x00007ffc7b14d000 	C:\Windows\System32\KERNEL32.DLL
0x00007ffc79300000 - 0x00007ffc795f6000 	C:\Windows\System32\KERNELBASE.dll
0x00007ffc79600000 - 0x00007ffc79700000 	C:\Windows\System32\ucrtbase.dll
0x00007ffc70040000 - 0x00007ffc70058000 	E:\Java\jdk-17.0.1\bin\jli.dll
0x00007ffc7a970000 - 0x00007ffc7ab0e000 	C:\Windows\System32\USER32.dll
0x00007ffc79260000 - 0x00007ffc79282000 	C:\Windows\System32\win32u.dll
0x00007ffc79df0000 - 0x00007ffc79e1c000 	C:\Windows\System32\GDI32.dll
0x00007ffc79060000 - 0x00007ffc7917a000 	C:\Windows\System32\gdi32full.dll
0x00007ffc79700000 - 0x00007ffc7979d000 	C:\Windows\System32\msvcp_win.dll
0x00007ffc6f010000 - 0x00007ffc6f02a000 	E:\Java\jdk-17.0.1\bin\VCRUNTIME140.dll
0x00007ffc6b850000 - 0x00007ffc6baea000 	C:\Windows\WinSxS\amd64_microsoft.windows.common-controls_6595b64144ccf1df_6.0.19041.3570_none_60bb2a3971f3e41a\COMCTL32.dll
0x00007ffc7a320000 - 0x00007ffc7a3be000 	C:\Windows\System32\msvcrt.dll
0x00007ffc7af80000 - 0x00007ffc7afb0000 	C:\Windows\System32\IMM32.DLL
0x00007ffc74a80000 - 0x00007ffc74a8c000 	E:\Java\jdk-17.0.1\bin\vcruntime140_1.dll
0x00007ffc50dd0000 - 0x00007ffc50e5d000 	E:\Java\jdk-17.0.1\bin\msvcp140.dll
0x00007ffc3f910000 - 0x00007ffc404ce000 	E:\Java\jdk-17.0.1\bin\server\jvm.dll
0x00007ffc7a1f0000 - 0x00007ffc7a29e000 	C:\Windows\System32\ADVAPI32.dll
0x00007ffc7b8a0000 - 0x00007ffc7b93c000 	C:\Windows\System32\sechost.dll
0x00007ffc7a010000 - 0x00007ffc7a136000 	C:\Windows\System32\RPCRT4.dll
0x00007ffc7a310000 - 0x00007ffc7a318000 	C:\Windows\System32\PSAPI.DLL
0x00007ffc6bfd0000 - 0x00007ffc6bff7000 	C:\Windows\SYSTEM32\WINMM.dll
0x00007ffc71920000 - 0x00007ffc71929000 	C:\Windows\SYSTEM32\WSOCK32.dll
0x00007ffc78a20000 - 0x00007ffc78a2a000 	C:\Windows\SYSTEM32\VERSION.dll
0x000001a8ede30000 - 0x000001a8ede9b000 	C:\Windows\System32\WS2_32.dll
0x00007ffc786a0000 - 0x00007ffc786d5000 	C:\Program Files (x86)\InfoTeCS\ViPNet CSP\itccspks64.dll
0x00007ffc77ca0000 - 0x00007ffc77cb2000 	C:\Windows\SYSTEM32\kernel.appcore.dll
0x00007ffc748b0000 - 0x00007ffc748ba000 	E:\Java\jdk-17.0.1\bin\jimage.dll
0x00007ffc60790000 - 0x00007ffc60974000 	C:\Windows\SYSTEM32\DBGHELP.DLL
0x00007ffc614b0000 - 0x00007ffc614e4000 	C:\Windows\SYSTEM32\dbgcore.DLL
0x00007ffc79900000 - 0x00007ffc79982000 	C:\Windows\System32\bcryptPrimitives.dll
0x00007ffc70550000 - 0x00007ffc7055e000 	E:\Java\jdk-17.0.1\bin\instrument.dll
0x00007ffc5e300000 - 0x00007ffc5e325000 	E:\Java\jdk-17.0.1\bin\java.dll
0x00007ffc4e360000 - 0x00007ffc4e436000 	E:\Java\jdk-17.0.1\bin\svml.dll
0x00007ffc7b150000 - 0x00007ffc7b894000 	C:\Windows\System32\SHELL32.dll
0x00007ffc76e70000 - 0x00007ffc7760b000 	C:\Windows\SYSTEM32\windows.storage.dll
0x00007ffc7a610000 - 0x00007ffc7a964000 	C:\Windows\System32\combase.dll
0x00007ffc78890000 - 0x00007ffc788bd000 	C:\Windows\SYSTEM32\Wldp.dll
0x00007ffc79e20000 - 0x00007ffc79ecd000 	C:\Windows\System32\SHCORE.dll
0x00007ffc79c70000 - 0x00007ffc79cc5000 	C:\Windows\System32\shlwapi.dll
0x00007ffc78f90000 - 0x00007ffc78fb5000 	C:\Windows\SYSTEM32\profapi.dll
0x00007ffc5c850000 - 0x00007ffc5c868000 	E:\Java\jdk-17.0.1\bin\zip.dll
0x00007ffc60380000 - 0x00007ffc60399000 	E:\Java\jdk-17.0.1\bin\net.dll
0x00007ffc73390000 - 0x00007ffc7349a000 	C:\Windows\SYSTEM32\WINHTTP.dll
0x00007ffc78630000 - 0x00007ffc7869a000 	C:\Windows\system32\mswsock.dll
0x00007ffc5e2e0000 - 0x00007ffc5e2f5000 	E:\Java\jdk-17.0.1\bin\nio.dll
0x00007ffc70530000 - 0x00007ffc7054a000 	E:\JetBrains\IntelliJ IDEA Community Edition 2022.3\bin\breakgen64.dll
0x0000000069ac0000 - 0x0000000069ae4000 	C:\Users\админ\AppData\Local\Temp\jansi-2.4.0-cd940513fa32d85e-jansi.dll
0x00007ffc70520000 - 0x00007ffc70530000 	E:\Java\jdk-17.0.1\bin\verify.dll

dbghelp: loaded successfully - version: 4.0.5 - missing functions: none
symbol engine: initialized successfully - sym options: 0x614 - pdb path: .;E:\Java\jdk-17.0.1\bin;C:\Windows\SYSTEM32;C:\Windows\WinSxS\amd64_microsoft.windows.common-controls_6595b64144ccf1df_6.0.19041.3570_none_60bb2a3971f3e41a;E:\Java\jdk-17.0.1\bin\server;C:\Program Files (x86)\InfoTeCS\ViPNet CSP;E:\JetBrains\IntelliJ IDEA Community Edition 2022.3\bin;C:\Users\админ\AppData\Local\Temp

VM Arguments:
jvm_args: -Dmaven.multiModuleProjectDirectory=E:\JavaProject\grpcTest -Djansi.passthrough=true -Dmaven.home=C:\Users\админ\.m2\wrapper\dists\apache-maven-3.9.5-bin\2adeog8mj13csp1uusqnc1f2mo\apache-maven-3.9.5 -Dclassworlds.conf=C:\Users\админ\.m2\wrapper\dists\apache-maven-3.9.5-bin\2adeog8mj13csp1uusqnc1f2mo\apache-maven-3.9.5\bin\m2.conf -Dmaven.ext.class.path=E:\JetBrains\IntelliJ IDEA Community Edition 2022.3\plugins\maven\lib\maven-event-listener.jar -javaagent:E:\JetBrains\IntelliJ IDEA Community Edition 2022.3\lib\idea_rt.jar=52417:E:\JetBrains\IntelliJ IDEA Community Edition 2022.3\bin -Dfile.encoding=UTF-8 
java_command: org.codehaus.classworlds.Launcher -Didea.version=2022.3 clean compile
java_class_path (initial): C:\Users\админ\.m2\wrapper\dists\apache-maven-3.9.5-bin\2adeog8mj13csp1uusqnc1f2mo\apache-maven-3.9.5\boot\plexus-classworlds-2.7.0.jar;C:\Users\админ\.m2\wrapper\dists\apache-maven-3.9.5-bin\2adeog8mj13csp1uusqnc1f2mo\apache-maven-3.9.5\boot\plexus-classworlds.license
Launcher Type: SUN_STANDARD

[Global flags]
     intx CICompilerCount                          = 3                                         {product} {ergonomic}
     uint ConcGCThreads                            = 1                                         {product} {ergonomic}
     uint G1ConcRefinementThreads                  = 4                                         {product} {ergonomic}
   size_t G1HeapRegionSize                         = 1048576                                   {product} {ergonomic}
    uintx GCDrainStackTargetSize                   = 64                                        {product} {ergonomic}
   size_t InitialHeapSize                          = 134217728                                 {product} {ergonomic}
   size_t MarkStackSize                            = 4194304                                   {product} {ergonomic}
   size_t MaxHeapSize                              = 2139095040                                {product} {ergonomic}
   size_t MaxNewSize                               = 1283457024                                {product} {ergonomic}
   size_t MinHeapDeltaBytes                        = 1048576                                   {product} {ergonomic}
   size_t MinHeapSize                              = 8388608                                   {product} {ergonomic}
    uintx NonNMethodCodeHeapSize                   = 5832780                                {pd product} {ergonomic}
    uintx NonProfiledCodeHeapSize                  = 122912730                              {pd product} {ergonomic}
    uintx ProfiledCodeHeapSize                     = 122912730                              {pd product} {ergonomic}
    uintx ReservedCodeCacheSize                    = 251658240                              {pd product} {ergonomic}
     bool SegmentedCodeCache                       = true                                      {product} {ergonomic}
   size_t SoftMaxHeapSize                          = 2139095040                             {manageable} {ergonomic}
     bool UseCompressedClassPointers               = true                           {product lp64_product} {ergonomic}
     bool UseCompressedOops                        = true                           {product lp64_product} {ergonomic}
     bool UseG1GC                                  = true                                      {product} {ergonomic}
     bool UseLargePagesIndividualAllocation        = false                                  {pd product} {ergonomic}

Logging:
Log output configuration:
 #0: stdout all=warning uptime,level,tags
 #1: stderr all=off uptime,level,tags

Environment Variables:
JAVA_HOME=C:\Program Files\Java\jdk-17.0.5
PATH=C:\ProgramData\Oracle\Java\javapath;C:\Program Files (x86)\Common Files\Oracle\Java\javapath;C:\Program Files\Java\jdk-17.0.5\bin;";C:\Python38\Scripts\;C:\Python38\;C:\Windows\system32;C:\Windows;C:\Windows\System32\Wbem;C:\Windows\System32\WindowsPowerShell\v1.0\;C:\Windows\System32\OpenSSH\;C:\Program Files\NVIDIA Corporation\NVIDIA NvDLISR;C:\Program Files (x86)\dotnet\;C:\Program Files (x86)\NVIDIA Corporation\PhysX\Common;C:\Program Files\NVIDIA Corporation\NVIDIA NvDLISR;C:\Program Files\Git\cmd;C:\Program Files\NVIDIA Corporation\NVIDIA NvDLISR";C:\Windows\system32;;C:\Program Files\Docker\Docker\resources\bin;C:\Users\админ\AppData\Local\Microsoft\WindowsApps;C:\Program Files\JetBrains\PyCharm Community Edition 2021.3.3\bin;;C:\Users\админ\AppData\Local\Programs\Microsoft VS Code\bin;C:\Program Files\JetBrains\IntelliJ IDEA Community Edition 2022.3\bin;;C:\Users\админ\AppData\Local\GitHubDesktop\bin
USERNAME=админ
OS=Windows_NT
PROCESSOR_IDENTIFIER=Intel64 Family 6 Model 42 Stepping 7, GenuineIntel



---------------  S Y S T E M  ---------------

OS:
 Windows 10 , 64 bit Build 19041 (10.0.19041.3570)
OS uptime: 2 days 3:19 hours
Hyper-V role detected

CPU: total 4 (initial active 4) (4 cores per cpu, 1 threads per core) family 6 model 42 stepping 7 microcode 0x2f, cx8, cmov, fxsr, mmx, sse, sse2, sse3, ssse3, sse4.1, sse4.2, popcnt, tsc, tscinvbit, avx, aes, clmul, vzeroupper, clflush, hv

Memory: 4k page, system-wide physical 8157M (555M free)
TotalPageFile size 20896M (AvailPageFile size 6M)
current process WorkingSet (physical memory assigned to process): 49M, peak: 49M
current process commit charge ("private bytes"): 209M, peak: 209M

vm_info: OpenJDK 64-Bit Server VM (17.0.1+12-39) for windows-amd64 JRE (17.0.1+12-39), built on Sep 27 2021 18:39:29 by "mach5one" with MS VC++ 16.8 (VS2019)

END.
